12:58:09    74 --> ...                                                                                                  [tcl] ucliGUI::start /afs/ece.cmu.edu/usr/dyerlan/Private/240/lab0/simv -ucligui 
12:58:09    75 --> ...  [tcl] set ucliGUI::state
12:58:09    76 --> ...      [tcl] gui_update_simulator_buttons
12:58:10    77 --> ...          [tcl] set ucliGUI::state
12:58:10    78 --> ...              [tcl] ucliCore::getToolPID
12:58:10    79 --> ...                  [tcl] synopsys::env hasTB
12:58:10    80 --> ...                      [tcl] trigger_hier_stack_context_switch 0
12:58:10    81 --> ...                          [tcl] synUtils::setDVEInitPhase 1
12:58:10    82 --> ...                              [tcl] gui_get_env SIMSETUP::SIMVPD
12:58:10    83 --> ...                                  [tcl] synopsys::dump -type VPD -file /afs/ece.cmu.edu/usr/dyerlan/Private/240/lab0/inter.vpd -locking
12:58:10    84 --> ...                                      [tcl] synopsys::dump -autoflush on -fid VPD1
12:58:10    85 --> ...                                          [tcl] set ::dve_fid VPD1
12:58:10    86 --> ...                                              [tcl] synUtils::setDVEInitPhase 0
12:58:10    87 --> ...                                                  [tcl] ucliCore::getToolPID
12:58:10    88 --> ...                                                      [tcl] synUtils::sendTool -active _icl_setToolSocket /tmp/smlnpurApMy
12:58:10    89 --> ...                                                          [tcl] synUtils::sendTool -active {_icl_start_rpc -version "J-2014.12-SP3-1_Full64" -sync_file /tmp/vcs_dve_rpc.dyerlan.3360270}
12:58:10    90 --> ...                                                              [tcl] synUtils::sendTool -active {_icl_createSharedMemory /tmp/vcs_dve_general.dyerlan.3360270}
12:58:10    91 --> ...                                                                  [tcl] config endofsim noexit
12:58:10    92 --> ...                                                                      [tcl] config onfail enable all
12:58:10    93 --> ...                                                                          [tcl] config syscaddplainmembers
12:58:10    94 --> ...                                                                              [tcl] config syscaddsourcenames
12:58:10    95 --> ...                                                                                  [tcl] config syscaddstructtypes
12:58:10    96 --> ...                                                                                      [tcl] synopsys::listing -disable
12:58:10    97 --> ...                                                                                          [tcl] # Begin_DVE_Session_Save_Info
12:58:10    98 --> ...                                                                                              [tcl] # DVE restart session
12:58:10    99 --> ...                                                                                                  [tcl] # Saved on Tue Jan 19 12:58:07 2016
12:58:10    100 --> ...  [tcl] # Designs open: 1
12:58:10    101 --> ...      [tcl] #   Sim: /afs/ece.cmu.edu/usr/dyerlan/Private/240/lab0/simv
12:58:10    102 --> ...          [tcl] # Toplevel windows open: 1
12:58:10    103 --> ...              [tcl] # 	TopLevel.1
12:58:10    104 --> ...                  [tcl] #   Source.1: testBench
12:58:10    105 --> ...                      [tcl] #   Group count = 0
12:58:10    106 --> ...                          [tcl] # End_DVE_Session_Save_Info
12:58:10    107 --> ...                              [tcl] # DVE version: J-2014.12-SP3-1_Full64
12:58:10    108 --> ...                                  [tcl] # DVE build date: Aug 27 2015 23:51:53
12:58:10    109 --> ...                                      [tcl] #<Session mode="Restart" path=".restartSimSession.tcl" type="Debug">
12:58:10    110 --> ...                                          [tcl] gui_set_loading_session_type Restart
12:58:10    111 --> ...                                              [tcl] gui_continuetime_set
12:58:10    112 --> ...                                                  [tcl] gui_clear_window -type Wave
12:58:10    113 --> ...                                                      [tcl] gui_clear_window -type List
12:58:10    114 --> ...                                                          [tcl] # Application preferences
12:58:10    115 --> ...                                                              [tcl] gui_set_pref_value -key app_default_font -value {Helvetica,10,-1,5,50,0,0,0,0,0}
12:58:10    116 --> ...                                                                  [tcl] gui_src_preferences -tabstop 8 -maxbits 24 -windownumber 1
12:58:10    117 --> ...                                                                      [tcl] #<WindowLayout>
12:58:10    118 --> ...                                                                          [tcl] # DVE top-level session
12:58:10    119 --> ...                                                                              [tcl] # Create and position top-level window: TopLevel.1
12:58:10    120 --> ...                                                                                  [tcl] set TopLevel.1 TopLevel.1
12:58:10    121 --> ...                                                                                      [tcl] # Docked window settings
12:58:10    122 --> ...                                                                                          [tcl] set HSPane.1 HSPane.1
12:58:10    123 --> ...                                                                                              [tcl] set Hier.1 Hier.1
12:58:10    124 --> ...                                                                                                  [tcl] set DLPane.1 DLPane.1
12:58:10    125 --> ...  [tcl] set Data.1 Data.1
12:58:10    126 --> ...      [tcl] set Console.1 Console.1
12:58:10    127 --> ...          [tcl] gui_sync_global -id ${TopLevel.1} -option true
12:58:10    128 --> ...              [tcl] # MDI window settings
12:58:10    129 --> ...                  [tcl] set Source.1 Source.1
12:58:10    130 --> ...                      [tcl] gui_update_layout -id ${Source.1} {{show_state maximized} {dock_state undocked} {dock_on_new_line false}}
12:58:10    131 --> ...                          [tcl] # End MDI window settings
12:58:10    132 --> ...                              [tcl] #</WindowLayout>
12:58:10    133 --> ...                                  [tcl] #<Database>
12:58:10    134 --> ...                                      [tcl] gui_set_precision 1s
12:58:10    135 --> ...                                          [tcl] gui_set_time_units 1s
12:58:10    136 --> ...                                              [tcl] #</Database>
12:58:10    137 --> ...                                                  [tcl] # DVE Global setting session:
12:58:10    138 --> ...                                                      [tcl] # Global: Breakpoints
12:58:10    139 --> ...                                                          [tcl] # Global: Bus
12:58:10    140 --> ...                                                              [tcl] # Global: Expressions
12:58:10    141 --> ...                                                                  [tcl] # Global: Signal Time Shift
12:58:10    142 --> ...                                                                      [tcl] # Global: Signal Compare
12:58:10    143 --> ...                                                                          [tcl] # Global: Signal Groups
12:58:10    144 --> ...                                                                              [tcl] # Global: Highlighting
12:58:10    145 --> ...                                                                                  [tcl] # Global: Stack
12:58:10    146 --> ...                                                                                      [tcl] gui_change_stack_mode -mode list
12:58:10    147 --> ...                                                                                          [tcl] synopsys::xml {set_only_active_frame <data value="1" />}
12:58:10    148 --> ...                                                                                              [tcl] # Post database loading setting...
12:58:10    149 --> ...                                                                                                  [tcl] # Save global setting...
12:58:10    150 --> ...  [tcl] # Wave/List view global setting
12:58:10    151 --> ...      [tcl] gui_cov_show_value -switch false
12:58:10    152 --> ...          [tcl] # Close all empty TopLevel windows
12:58:10    153 --> ...              [tcl] foreach __top [gui_ekki_get_window_ids -type TopLevel] {     if { [llength [gui_ekki_get_window_ids -parent $__top]] == 0} {         gui_close_window -window $__top     } }
12:58:10    154 --> ...                  [tcl] gui_set_loading_session_type noSession
12:58:10    155 --> ...                      [tcl] # DVE View/pane content session:
12:58:10    156 --> ...                          [tcl] # Hier 'Hier.1'
12:58:10    157 --> ...                              [tcl] gui_show_window -window ${Hier.1}
12:58:10    158 --> ...                                  [tcl] gui_list_set_filter -id ${Hier.1} -list { {Package 1} {All 0} {Process 1} {VirtPowSwitch 0} {UnnamedProcess 1} {UDP 0} {Function 1} {Block 1} {SrsnAndSpaCell 0} {OVA Unit 1} {LeafScCell 1} {LeafVlgCell 1} {Interface 1} {LeafVhdCell 1} {$unit 1} {NamedBlock 1} {Task 1} {VlgPackage 1} {ClassDef 1} {VirtIsoCell 0} }
12:58:10    159 --> ...                                      [tcl] gui_list_set_filter -id ${Hier.1} -text {*}
12:58:10    160 --> ...                                          [tcl] gui_change_design -id ${Hier.1} -design Sim
12:58:10    161 --> ...                                              [tcl] catch {gui_list_select -id ${Hier.1} {testBench}}
12:58:10    162 --> ...                                                  [tcl] dveMisc::vbusExpand testBench
12:58:10    163 --> ...                                                      [tcl] gui_view_scroll -id ${Hier.1} -vertical -set 0
12:58:10    164 --> ...                                                          [tcl] gui_view_scroll -id ${Hier.1} -horizontal -set 0
12:58:10    165 --> ...                                                              [tcl] # Data 'Data.1'
12:58:10    166 --> ...                                                                  [tcl] gui_list_set_filter -id ${Data.1} -list { {Buffer 1} {Input 1} {Others 1} {Linkage 1} {Output 1} {LowPower 1} {Parameter 1} {All 1} {Aggregate 1} {LibBaseMember 1} {Event 1} {Assertion 1} {Constant 1} {Interface 1} {BaseMembers 1} {Signal 1} {$unit 1} {Inout 1} {Variable 1} }
12:58:10    167 --> ...                                                                      [tcl] gui_list_set_filter -id ${Data.1} -text {*}
12:58:10    168 --> ...                                                                          [tcl] gui_list_show_data -id ${Data.1} {testBench}
12:58:10    169 --> ...                                                                              [tcl] gui_view_scroll -id ${Data.1} -vertical -set 0
12:58:10    170 --> ...                                                                                  [tcl] gui_view_scroll -id ${Data.1} -horizontal -set 0
12:58:10    171 --> ...                                                                                      [tcl] gui_view_scroll -id ${Hier.1} -vertical -set 0
12:58:10    172 --> ...                                                                                          [tcl] gui_view_scroll -id ${Hier.1} -horizontal -set 0
12:58:10    173 --> ...                                                                                              [tcl] # Source 'Source.1'
12:58:10    174 --> ...                                                                                                  [tcl] gui_src_value_annotate -id ${Source.1} -switch false
12:58:10    175 --> ...  [tcl] gui_set_env TOGGLE::VALUEANNOTATE 0
12:58:10    176 --> ...      [tcl] gui_open_source -id ${Source.1}  -replace -active testBench /afs/ece.cmu.edu/usr/dyerlan/Private/240/lab0/vcs_test.sv
12:58:10    177 --> ...          [tcl] gui_view_scroll -id ${Source.1} -vertical -set 0
12:58:10    178 --> ...              [tcl] gui_src_set_reusable -id ${Source.1}
12:58:10    179 --> ...                  [tcl] # Restore toplevel window zorder
12:58:10    180 --> ...                      [tcl] # The toplevel window could be closed if it has no view/pane
12:58:10    181 --> ...                          [tcl] if {[gui_exist_window -window ${TopLevel.1}]} { 	gui_set_active_window -window ${TopLevel.1} 	gui_set_active_window -window ${Source.1} }
12:58:10    182 --> ...                              [tcl] #</Session>
12:58:23    183 --> ...                                  [tcl] synopsys::run
12:58:23    184 --> ...                                      [tcl] set ucliGUI::state
12:58:23    185 --> ...                                          [tcl] set ucliGUI::state
12:58:23    186 --> ...                                              [tcl] set ucliGUI::state
12:58:23    187 --> ...                                                  [tcl] set ucliGUI::state
12:58:23    188 --> ...                                                      [tcl] catch {senv activeDomain} dveMisc::result 
12:58:23    189 --> ...                                                          [tcl] set dveMisc::result
12:58:23    190 --> ...                                                              [tcl] gui_update_simulator_buttons
12:58:47    191 --> ...                                                                  [tcl] if [catch {gui_sim_terminate}] {gui_sim_terminate -kill}
12:58:47    192 --> ...                                                                      [tcl] synopsys::finish
12:58:47    193 --> ...                                                                          [tcl] set ucliGUI::state
12:58:47    194 --> ...                                                                              [tcl] set ucliGUI::state
12:58:47    195 --> ...                                                                                  [tcl] catch {senv activeDomain} dveMisc::result 
12:58:47    196 --> ...                                                                                      [tcl] set dveMisc::result
12:58:47    197 --> ...                                                                                          [tcl] gui_update_simulator_buttons
12:58:47    198 --> ...                                                                                              [tcl] catch {senv activeDomain} dveMisc::result 
12:58:47    199 --> ...                                                                                                  [tcl] set dveMisc::result
12:58:47    200 --> ...  [tcl] ucli_exit
