# Preference setting overrides
gui_create_pref_key -category {Globals} -key {load_detail_for_funcov} -value_type {bool} -value {false}

# State setting overrides
gui_state_default_create -off -ini
gui_set_state_value -category Layout -key child_console_size_x -value 718
gui_set_state_value -category Layout -key child_console_size_y -value 179
gui_set_state_value -category Layout -key child_data_size_x -value 174
gui_set_state_value -category Layout -key child_data_size_y -value 382
gui_set_state_value -category Layout -key child_hier_col3 -value {-1}
gui_set_state_value -category Layout -key child_hier_colpd -value 0
gui_set_state_value -category Layout -key child_hier_size_x -value 174
gui_set_state_value -category Layout -key child_hier_size_y -value 382
gui_set_state_value -category Layout -key child_wave_colname -value 121
gui_set_state_value -category Layout -key child_wave_colvalue -value 120
gui_set_state_value -category Layout -key child_wave_left -value 245
gui_set_state_value -category Layout -key child_wave_right -value 598
gui_set_state_value -category Layout -key main_pos_x -value 11
gui_set_state_value -category Layout -key main_pos_y -value 569
gui_set_state_value -category Layout -key main_size_x -value 729
gui_set_state_value -category Layout -key main_size_y -value 1277
gui_set_state_value -category Layout -key stand_source_child_docknewline -value false
gui_set_state_value -category Layout -key stand_source_child_pos_x -value {-2}
gui_set_state_value -category Layout -key stand_source_child_pos_y -value {-15}
gui_set_state_value -category Layout -key stand_source_child_size_x -value 373
gui_set_state_value -category Layout -key stand_source_child_size_y -value 377
gui_set_state_value -category Layout -key stand_wave_child_docknewline -value false
gui_set_state_value -category Layout -key stand_wave_child_pos_x -value {-2}
gui_set_state_value -category Layout -key stand_wave_child_pos_y -value {-15}
gui_set_state_value -category Layout -key stand_wave_child_size_x -value 853
gui_set_state_value -category Layout -key stand_wave_child_size_y -value 347
gui_set_state_value -category Layout -key stand_wave_top_pos_x -value 16
gui_set_state_value -category Layout -key stand_wave_top_pos_y -value 96
gui_set_state_value -category Layout -key stand_wave_top_size_x -value 864
gui_set_state_value -category Layout -key stand_wave_top_size_y -value 594
gui_create_state_key -category FindDialog -key m_pMatchCase -value_type bool -value false
gui_create_state_key -category FindDialog -key m_pMatchWord -value_type bool -value false
gui_create_state_key -category FindDialog -key m_pUseCombo -value_type string -value {}
gui_create_state_key -category FindDialog -key m_pWrapAround -value_type bool -value true
gui_state_default_create -off

# Begin command logging
gui_sim_run Ucli -exe ./simv -args {-ucligui  } -dir .
gui_src_edit_source   -file_name  /afs/ece.cmu.edu/usr/dyerlan/Private/240/lab0/vcs_test.sv  -line_number  12
gui_set_env SIMSETUP::SIMCURRENTDIR /afs/ece.cmu.edu/usr/dyerlan/Private/240/lab0
gui_sim_restart -build /afs/ece.cmu.edu/usr/dyerlan/Private/240/lab0/simv.daidir/vcs_rebuild
gui_sim_continue  
